<?xml version="1.0" encoding="UTF-8"?>
<!-- Generated by org.testng.reporters.JUnitReportReporter -->
<testsuite hostname="DESKTOP-VI4837A" failures="0" tests="1" name="com.practice2024.JunitTest" time="0.019" errors="0" timestamp="2024-02-21T19:37:44 EST" skipped="0">
  <testcase classname="com.practice2024.JunitTest" name="junitExample3" time="0.019"/>
</testsuite> <!-- com.practice2024.JunitTest -->
