<?xml version="1.0" encoding="UTF-8"?>
<!-- Generated by org.testng.reporters.JUnitReportReporter -->
<testsuite hostname="DESKTOP-VI4837A" failures="0" tests="3" name="com.practice2024.DropDownPractice" time="6.033" errors="0" timestamp="2024-02-28T20:08:06 EST" skipped="1">
  <testcase classname="com.practice2024.DropDownPractice" name="registerToMTours" time="4.380"/>
  <testcase classname="com.practice2024.DropDownPractice" name="select_Country_Options_from_Dropdown" time="1.653"/>
  <testcase classname="com.practice2024.DropDownPractice" name="selectDropDown">
    <skipped/>
  </testcase> <!-- selectDropDown -->
</testsuite> <!-- com.practice2024.DropDownPractice -->
