<?xml version="1.0" encoding="UTF-8"?>
<!-- Generated by org.testng.reporters.JUnitReportReporter -->
<testsuite hostname="DESKTOP-VI4837A" failures="0" tests="1" name="com.practice2024.EnvironmentSetUp" time="3.631" errors="0" timestamp="2024-02-28T18:37:11 EST" skipped="0">
  <testcase classname="com.practice2024.EnvironmentSetUp" name="login" time="3.631"/>
</testsuite> <!-- com.practice2024.EnvironmentSetUp -->
